2025-07-20 16:08:28,617 - INFO - POST /generate_story リクエスト受信
2025-07-20 16:08:39,709 - INFO - 生成されたストーリー: ある日、わたしは謎の森に迷い込みました。そこで見つけたのは、普通のお城ではない、ギクシャクとした形のお城でした。お城の主からのメッセージが出てきました。「このお城を整えるために、ヒープソートを使ってください」と。わたしは頭を抱えました。ヒープソートなんて具体的にどうやって使うのでしょう。お城の形を修正すれば家路につけるというけれど、はたしてどうすればいいのか。わたしの冒険はまだ終わりません。
2025-07-20 16:08:39,711 - INFO - 出力タスク: ヒープソートがどのように動作するのかを学習し、その知識を使ってお城の形を整頓します。具体的には、お城の部屋をヒープソートで並べ替え、全てが正しい位置にあることを確認することです。これによりヒープソートの理解を深め、物語を進めることができます。 | タイプ: enhance
2025-07-20 16:08:46,347 - INFO - POST /generate_story リクエスト受信
2025-07-20 16:08:47,588 - INFO - POST /generate_story リクエスト受信
2025-07-20 16:08:54,375 - INFO - POST /generate_story リクエスト受信
2025-07-20 16:08:57,111 - INFO - 生成されたストーリー: わたしは、庭仕事をするのが好きな年老いた宇宙旅行者です。ある日、遠く星から贈り物が送られてきました。小さな宝石のような、色とりどりの石だらけの袋。どうやらそれらは星の断片なようでした。「きっとすばらしい星庭をつくれるね」と、わたしは嬉しそうに手をこすりました。だけど、ひとつ問題が。それらの石の中には大きいものから小さいものまでばらばら。ここでヒープソートの知識が役に立つのです。しかし、わたしの体は疲れており、すべて一人で分けることは難しい。どうやって星庭を作ればいいのでしょう？
2025-07-20 16:08:57,112 - INFO - 出力タスク: ヒープソートを活用して星の断片を小さい順に並べ、素敵な星庭を作ります。また、友達や家族に手伝ってもらい、作業を楽しみながら進めます。 | タイプ: enhance
2025-07-20 16:08:59,658 - INFO - 生成されたストーリー: わたしはやさしいウサギ、ボブ。ある日、魔法使いのおじいさんが作った木の実が山ほど入ったふくろを見つけました。「この木の実を大きいものから順に並べて、月夜に公園の一番高い丘の頂に積めば、願いが叶うんだよ」と書かれたメモ。最初は楽しく並べていましたが、あまりにもたくさんの木の実にどう並べれば良いかわからなくなりました。「どうしよう、これじゃ願いをかなえる前に夜が明けてしまうかも」と、願いがかなわないと思い悩みました。
2025-07-20 16:08:59,659 - INFO - 出力タスク: ヒープソートを使えば、効率的に木の実を大きさ順に並べることができる。それによって、夜明けまでに一番大きな木の実から頂に積むことができ、願いを叶えることができるだろう。 | タイプ: enhance
2025-07-20 16:09:18,034 - INFO - POST /generate_story リクエスト受信
2025-07-20 16:09:26,559 - INFO - 生成されたストーリー: わたしは、魔法を使うことができる子供。今日は、グリムという名の大きな山の頂上に住む龍から、ヒープソートという不思議な力を教わる日です。龍が空から降りてきて、これらはその力を持つ石たちだよと渡してくれました。「なるほど、岩は数を表し、最大値を維持するなんて楽しいね！」とわたしは喜んだ。しかし、ある日、石たちがぐちゃぐちゃになってしまったんです。どうやら、その秩序を取り戻すには、ヒープソートの力を使わなければならないようです。
2025-07-20 16:09:26,560 - INFO - 出力タスク: ヒープソートの方法を思い出し、石たちを再度順序ほどこう。そのヒープソートの力を使って石たちを元の姿に戻そう。 | タイプ: enhance
2025-07-20 16:12:21,949 - INFO - POST /improve リクエスト受信
2025-07-20 16:12:21,950 - INFO - 入力内容: 問題=Which of the following statements best describes the heap construction phase in Heap Sort? | 正解=C | 選択肢=['A sorted array is used to initialize the heap.', 'The heap is constructed by repeatedly inserting elements into an initially empty heap.', 'The heap is built in a bottom-up manner using heapify from the last non-leaf node.', 'The heap is constructed by sorting the array using bubble sort and storing the result in a binary tree.']
2025-07-20 16:12:52,557 - INFO - 生成内容: スコア：40/50

この問題は、ヒープソートというアルゴリズムのヒープ構築フェーズについて問いかけています。選択肢の中から最もそれを適切に表しているものを選ぶことが求められています。

まず、ヒープソートというアルゴリズムは、ソートされた配列を生成するために用いられます。その一部として、最初のフェーズでは配列からヒープデータ構造を構築します。このヒープ構築フェーズがこの問題の対象で、正解の選択肢は「ヒープはボトムアップ方式で、最後の非リーフノードからheapifyを用いて構築される」です。この表現は、ヒープの構築方法を的確に示しており、この問題は学生がこのプロセスを理解しているかどうかをテストするものと言えます。

ただし、この問題には改善の余地があります。特に、選択肢がすべて同じ長さであるべきである点と、その中の一つが誤解を招く可能性があるという点についてです。具体的には、「ヒープはソート済み配列を元に初期化される」という選択肢は、一部の学生がヒープソートの二つのフェーズを混同する可能性があります。

全体的に、この問題は、ヒープソートアルゴリズムの基本的な動作について理解を深め、重要なコンセプトを理解することを目的としています。しかし、誤解を招く可能性のある選択肢は避け、選択肢の長さを均等にすることで、より良い問題となるでしょう。
2025-07-20 16:12:52,558 - INFO - 提案一覧: ['ヒープソートでは必ずしもソート済み配列必要ない', 'ヒープソートでは、最初に完全ヒープが作成されます。', 'ヒープ構築はボトムアップ方式で行われます。', 'ヒープソートとバブルソートは異なるアルゴリズムです。']
2025-07-20 16:15:21,874 - INFO - POST /improve リクエスト受信
2025-07-20 16:15:21,874 - INFO - 入力内容: 問題=What is the main role of the heap in the Heap Sort algorithm? | 正解=C | 選択肢=['To store elements in a sorted order.', 'To act as a priority queue that always gives the smallest element.', 'To help repeatedly access the maximum (or minimum) element efficiently.', 'To count the frequency of each element.']
2025-07-20 16:15:49,062 - INFO - 生成内容: スコア：48/50

この問題は、コンピューターサイエンスの一部であるアルゴリズムとデータ構造に関するもので、具体的にはヒープソートというソートアルゴリズムの一部であるヒープの役割を問います。ヒープは一種のデータ構造で、特にヒープソートでは、ヒープの主な役割は最大（または最小）要素を効率的に繰り返しアクセスするのを助けることです。

この設問と選択肢は明確で、曖昧さがありません。選択肢は関連性がありつつも、それぞれが明確に区別される情報を提供しています。したがって、学習者にとって混乱せず、網羅的な理解を促します。この問題は適切な誤答肢を提供し、学習者がヒープソートアルゴリズム全体を深く理解するのを助けます。

ただし、正解選択肢が他の選択肢よりも若干長いせいで、注意深い学習者がそれを推測する可能性があります。すべての選択肢の長さを均一にすることで、この問題はさらに改善されるでしょう。

ヒープソートについて学習する学習者にとっては、ヒープデータ構造の性質と役割を理解することが重要です。特に、ヒープが最大（または最小）要素を効率的に取り出すのにどのように役立つか、またヒープソートアルゴリズム全体の動作を理解することが重要です。これらの概念を理解することで、学習者はアルゴリズムの効率性やデータ構造の効果的な利用方法についての深い理解を得ることができるでしょう。
2025-07-20 16:15:49,063 - INFO - 提案一覧: ['ヒープはソート済み順ではなく、特定のプロパティを持つ。', 'ヒープソートでは最大ヒープを利用します。', 'ヒープは最大（最小）要素の効率的なアクセスを支援します。', 'ヒープソートでは要素の頻度は計算しない。']
2025-07-20 16:18:31,972 - INFO - POST /improve リクエスト受信
2025-07-20 16:18:31,973 - INFO - 入力内容: 問題=Why is Heap Sort considered an unstable sorting algorithm? | 正解=B | 選択肢=['It uses a divide-and-conquer approach.', ' It swaps elements that may have equal values but different original positions.', 'It uses recursion to sort sub-arrays.', 'It has a non-deterministic time complexity.']
2025-07-20 16:19:01,574 - INFO - 生成内容: スコア：98/100

この問題は全般的に高質で、設問も選択肢も明確で理解しやすいです。スコアの引き下げ要因は、いずれも微々たるものです。

1. 正解が微妙に長くなっている（スコア4）：選択肢Bが他の選択肢と比べて少し長いです。これにより、学習者が言葉の量を手がかりに正解を推測する可能性があります。選択肢の長さを揃えるために、他の選択肢を少し詳しく書く、または正解の選択肢を要約すると良いかもしれません。

知識内容の分析：
この問題では、ヒープソートが不安定なソーティングアルゴリズムとされる理由について問うています。
ヒープソートはデータ構造の一種であるヒープを利用したソートのアルゴリズムで、平均的な時間計算量がO(n log n)という高速なソートを実現します。しかし、ソートの結果、値が等しいデータの相対的な前後関係が元の配列と変わる可能性があるため、「不安定なソート」として分類されます。

学習者が理解するべき重要な概念・考え方：
1. 安定性と不安定性：ソートアルゴリズムが持つ性質で、同じ値の要素の順序がソート前後で保たれるかどうかを示し、これによりソートアルゴリズムは安定か不安定に分けられます。
2. ヒープソートの特性：学習者はヒープソートが原始の順序を必ずしも保存しない、つまり「不安定」である理由を理解する必要があります。具体的には、ヒープソートが要素を比較する際にインデックスではなく値に基づいて操作を行い、その結果、等しい値を持つ要素の原始的な位置関係が変わる可能性があることを学ぶべきです。
2025-07-20 16:19:01,575 - INFO - 提案一覧: ['ヒープソートは分割統治法を用いない。', 'ヒープソートが同値要素の元の順序を維持しないことの説明', 'ヒープソートの安定性と再帰は直接関連しない', '安定性と時間複雑度は異なる概念です。']
2025-07-20 16:20:19,207 - INFO - POST /improve リクエスト受信
2025-07-20 16:20:19,208 - INFO - 入力内容: 問題=Why is Heap Sort considered an unstable sorting algorithm? | 正解=B | 選択肢=['It uses a divide-and-conquer approach.', ' It swaps elements that may have equal values but different original positions.', 'It uses recursion to sort sub-arrays.', 'It has a non-deterministic time complexity.']
2025-07-20 16:20:49,393 - INFO - 生成内容: スコア：38/50

まずこの問題は、ヒープソートがなぜ不安定なソートアルゴリズムと見なされるかについて問うものです。ここで理解すべき重要な概念は「不安定なソートアルゴリズム」という用語で、これは同じ値を持つ要素の相対的な位置が処理後に変わる可能性があるアルゴリズムを指します。

この問題の問題点はいくつかあります。

まず、「It uses recursion to sort sub-arrays.」という選択肢は、実際にヒープソートが再帰を使用する可能性があります。しかし、再帰を使用することが必ずしもソートアルゴリズムが不安定になるわけではなく、キーを比較し、必要に応じて交換する方法によって決まります。したがって、この選択肢は混乱を招く可能性があり、（IWF2）が適用されます。

また、「It has a non-deterministic time complexity.」という選択肢も問題です。ヒープソートは、最良、平均、最悪の場合すべてでO(n log n)の時間複雑度を持つため、一般的には決定的な時間複雑度を持つとされます。したがって、この選択肢は誤解を招く可能性があり、（IWF2）が適用されます。

さらに、選択肢の長さや詳細の量が均等でなく、正解である「It swaps elements that may have equal values but different original positions.」が唯一他の選択肢より長くなっています。これにより、（IWF4）が適用されます。

これらを改善するためには、選択肢を見直し、混乱を招かないように明確にしたり、選択肢の長さを均等にしたりすることが必要です。また、正確な表現を使用して、ヒープソートの動作と時間複雑度を正確に反映するようにすることも重要です。

一方で、この問題は学習者に対してヒープソートのキーコンセプトを理解する機会を提供し、ソートアルゴリズムの比較や選択のための知識を評価するため、有用です。
2025-07-20 16:20:49,394 - INFO - 提案一覧: ['ヒープソートの不安定性と分割統治法は関連性が低い。', '等価な値の要素の原始的な順序が変わるため', '再帰の使用は安定性と無関係です。', 'ヒープソートの時間複雑度は確定的です。']
2025-07-20 16:22:28,177 - INFO - POST /enhance リクエスト受信
2025-07-20 16:22:28,177 - INFO - 入力内容: 問題=Why is Heap Sort considered an unstable sorting algorithm? | 正解=B | 選択肢=['It uses a divide-and-conquer approach.', ' It swaps elements that may have equal values but different original positions.', 'It uses recursion to sort sub-arrays.', 'It has a non-deterministic time complexity.']
2025-07-20 16:22:56,287 - INFO - 生成内容: スコア：23/25

【難易度を高める余地の分析】
・問題文の構成：現状の問題文は理解しやすい形で書かれているため、難易度を上げるためにさらに詳細を追加したり、論理的な展開を複雑にすることができる。例えば、Heap Sortの特性についての具体的なケースを提供し、それがなぜ不安定なのかを推論するようにすることができる。

・選択肢の設計：現在の選択肢もそれぞれ明確であり、ある程度の知識がないと判断できないように設計されている。しかし、これを更に難しくするためには、Heap Sortの他の特性（順序保証なし、in-place sortingなど）について言及した選択肢を追加し、より深い理解を必要とするようにすることが考えられます。

・問題が測定する知識レベル：現在の問題は主に記憶レベルの知識を測定しています。”Heap Sortが不安定なアルゴリズムである理由“という問いは、単純な事実を述べるためのものです。これを理解や応用のレベルに引き上げるためには、Heap Sortを用いた具体的なケースについて問うようにすると良いです。

【知識の背景・核心的な考え方】
Heap Sortは、データ構造の一つであるHeapを使用して配列をソートするアルゴリズムです。heapは部分的にソートされた二分木で、親ノードの値が子ノードよりも大きい（または小さい）という特性を持ちます。Heap Sortの不安定性は、ソート過程で等しい値を持つ元の要素の順序が保証されない点に関連しています。つまり、ソート前とソート後で等しい値を持つ要素の順序が変わる可能性があるということです。この特性を理解することは、Heap Sortの働きを理解し、アルゴリズムの適切な使用を行うために重要であると言えます。
2025-07-20 16:22:56,288 - INFO - 提案一覧: ['分割統治法はソート安定性とは無関係です。', '一部のソートアルゴリズムでは同値の位置が変わらない', 'ヒープソートの不安定性と再帰とは関連性がない', 'ヒープソートの安定性と時間複雑度は関連性がない。']
2025-07-20 16:22:56,316 - INFO - POST /generate_story リクエスト受信
2025-07-20 16:23:07,522 - INFO - 生成されたストーリー: わたしは、ぐちゃぐちゃになってしまった石たちを見つめました。それぞれが異なる力を持つこの石たち、それぞれを正しい位置に戻すには、ヒープソートの力が必要なのです。しかし、この方法を使うと同じ力を持つ石が交換されてしまい、石たちが不安定になってしまうことに気づきました。「どうしたらいいのだろう？」と、わたしは石たちと龍に問いかけました。龍はじっとわたしを見つめながら、知恵を出すようにうなずきました。しかし、わたしはまだ解決策が見つからないまま困っていました。
2025-07-20 16:23:07,522 - INFO - 出力タスク: ヒープソートの特性を理解し、石たちが同じ力を持つときに交換されないような新しいソート手法を考案する。または、交換されても元の位置を覚えておく方法などを考える | タイプ: improve
2025-07-20 16:24:25,268 - INFO - POST /validate リクエスト受信
2025-07-20 16:24:25,269 - INFO - 入力: validate 問題=Why is Heap Sort considered an unstable sorting algorithm?, 正解=B, 選択肢=['It uses a divide-and-conquer approach.', ' It swaps elements that may have equal values but different original positions.', 'It uses recursion to sort sub-arrays.', 'It has a non-deterministic time complexity.']
2025-07-20 16:24:34,330 - INFO - 出力: 1. 正解の選択肢Bについて、Heap Sortが不安定なソートアルゴリズムとされる理由、つまり同等の値をもつ要素が入力と出力で異なる位置に移動するとういう点は事実であるため、正しいです。
2. 選択肢A、C、DはHeap Sortの特性について述べていますが、Heap Sortが不安定なソートアルゴリズムである理由は選択肢Bにのみ表現されており、その他の選択肢は正解とはみなせません。
3. 問題文はHeap Sortがなぜ不安定なソートアルゴリズムと考えられるのかを尋ねており、明確で曖昧さはありません。
4. この問題は学習者のHeap Sortに関する深い理解、特にその安定性についての理解を測るのに適しています。
2025-07-20 16:25:30,456 - INFO - POST /validate リクエスト受信
2025-07-20 16:25:30,456 - INFO - 入力: validate 問題=Why is Heap Sort considered an unstable sorting algorithm?, 正解=A, 選択肢=['It uses a divide-and-conquer approach.', ' It swaps elements that may have equal values but different original positions.', 'It uses recursion to sort sub-arrays.', 'It has a non-deterministic time complexity.']
2025-07-20 16:25:47,596 - INFO - 出力: この問題には問題がいくつかあります。
1. 正解が実際に正しいかどうか: 正解とされている選択肢Aは正解ではありません。ヒープソートが不安定なソートアルゴリズムとされる理由は、同じ値を持つ要素の相対的な位置が保証されないからであり、選択肢Bが問題の正解となります。
2. 選択肢の中に他にも正解とみなせるものがないか: 選択肢Bが正確で唯一の正解です。他の選択肢は、ヒープソートが不安定なソートアルゴリズムである理由を正確に説明していません。
3. 問題文の表現が明確で曖昧さがないか: 問題文自体は、ヒープソートがなぜ不安定なソートアルゴリズムであるかを尋ねるという点で明瞭です。
4. 学習者の知識を適切に測れる内容か: 問題自体は適切です。アルゴリズムとデータ構造についての深い理解を持つ学習者にとって、この問題は非常に関連しており、知識と理解を評価する良い方法です。ただし、正しい選択肢が正確に示され、誤解を招かないようにする必要があります。
2025-07-20 16:32:50,177 - INFO - POST /enhance リクエスト受信
2025-07-20 16:32:50,178 - INFO - 入力内容: 問題=Why is Heap Sort considered an unstable sorting algorithm? | 正解=A | 選択肢=['It uses a divide-and-conquer approach.', ' It swaps elements that may have equal values but different original positions.', 'It uses recursion to sort sub-arrays.', 'It has a non-deterministic time complexity.']
2025-07-20 16:33:29,389 - INFO - 生成内容: 【問題の評価】
スコア：20/20

【難易度を上げるための工夫の提案】
・問題文の構成：問題文が直訳すると「なぜヒープソートは不安定なソーティングアルゴリズムとされているのか？」となりますが、この問題を解くためにはソーティングアルゴリズムの基本的な性質と特にヒープソートの特徴を理解することが必要です。問題文をさらに複雑にするためには、具体的な数列をソートする例を出して、それをヒープソートでソートした結果がどのようになるのかを問うといった設定にすると良いでしょう。

・選択肢の設計：選択肢にはヒープソートの他の特徴やソーティングアルゴリズムの一般的な特徴を加え、答えを選ぶ際に混乱を生じさせることができます。また、正解選択肢自体をより具体的な説明にすることで、単に事実を記憶しているだけでは解答できない難易度へと引き上げることが可能です。

・問題が測定する知識レベル：現状の問題では、ある事実を記憶しているかどうかを測る問題になっています。これを理解・応用へとレベルアップさせるためには、問題文を具体的な問題解決やケーススタディの形式にし、それに対してどのようにアプローチすべきかを考えさせる問題形式に変更するとよいでしょう。

【問題が取り扱う核心的な考え方の解説】
本問題は、コンピュータサイエンスの一部領域であるソーティングアルゴリズムについての知識を問います。ここでは特に、ヒープソートという一種のソーティングアルゴリズムが、なぜ"不安定"なソーティングアルゴリズムとされるのかを問っています。ソーティングアルゴリズムは、与えられたデータセットを一定の規則に従って並び替える手法を指します。"不安定"とは、同じ値を持つデータ（キー）がソーティングの結果、その相対的な順序が保存されないことを指します。それに対して、相対的な順序が保存される（つまり、ソート前後で同じ値のデータの順序が変わらない）ソーティングアルゴリズムは"安定"と呼ばれます。この特性は、ソートするデータが複雑で、ソートのキーとなるデータ以外にも意味を持つ部分を持つ場合に重要となります。本問題で学習者が理解すべきでするポイントは、ヒープソートがどのように動作し、その性質が不安定になるのかという点です。
2025-07-20 16:33:29,390 - INFO - 提案一覧: ['ヒープソートは分割統治法を使わない。', 'ヒープソートが等値の要素の順序を保証しない述べています。', 'ヒープソートの不安定性は再帰使用と無関係', 'ヒープソートの安定性と時間複雑度は無関係']
